<?xml version='1.0' encoding='UTF-8'?>
<testsuite hostname="usuario-PC" name="DemostracionTest" tests="1" errors="0" failures="0" skipped="0" time="14.063">
                     <properties>
[...]
</properties>
                     <testcase classname="DemostracionTest" name="testSemaforos" time="14.063">
                                                 
                                               </testcase>
                     <system-out><![CDATA[]]></system-out>
                     <system-err><![CDATA[]]></system-err>
                   </testsuite>